<html>
<head>
<title>TestNG:  Test</title>
<link href="../testng.css" rel="stylesheet" type="text/css" />
<link href="../my-testng.css" rel="stylesheet" type="text/css" />

<style type="text/css">
.log { display: none;} 
.stack-trace { display: none;} 
</style>
<script type="text/javascript">
<!--
function flip(e) {
  current = e.style.display;
  if (current == 'block') {
    e.style.display = 'none';
    return 0;
  }
  else {
    e.style.display = 'block';
    return 1;
  }
}

function toggleBox(szDivId, elem, msg1, msg2)
{
  var res = -1;  if (document.getElementById) {
    res = flip(document.getElementById(szDivId));
  }
  else if (document.all) {
    // this is the way old msie versions work
    res = flip(document.all[szDivId]);
  }
  if(elem) {
    if(res == 0) elem.innerHTML = msg1; else elem.innerHTML = msg2;
  }

}

function toggleAllBoxes() {
  if (document.getElementsByTagName) {
    d = document.getElementsByTagName('div');
    for (i = 0; i < d.length; i++) {
      if (d[i].className == 'log') {
        flip(d[i]);
      }
    }
  }
}

// -->
</script>

</head>
<body>
<h2 align='center'>Test</h2><table border='1' align="center">
<tr>
<td>Tests passed/Failed/Skipped:</td><td>23/1/0</td>
</tr><tr>
<td>Started on:</td><td>Fri Sep 19 12:03:13 IST 2025</td>
</tr>
<tr><td>Total time:</td><td>306 seconds (306143 ms)</td>
</tr><tr>
<td>Included groups:</td><td></td>
</tr><tr>
<td>Excluded groups:</td><td></td>
</tr>
</table><p/>
<small><i>(Hover the method name to see the test class name)</i></small><p/>
<table width='100%' border='1' class='invocation-failed'>
<tr><td colspan='4' align='center'><b>FAILED TESTS</b></td></tr>
<tr><td><b>Test method</b></td>
<td width="30%"><b>Exception</b></td>
<td width="10%"><b>Time (seconds)</b></td>
<td><b>Instance</b></td>
</tr>
<tr>
<td title='com.DowntimeAnalysisPage.DowntimeAnalysisDropdownValidationTest.DowntimeAnalysisDropdownValidationTest()'><b>DowntimeAnalysisDropdownValidationTest</b><br>Test class: com.DowntimeAnalysisPage.DowntimeAnalysisDropdownValidationTest</td>
<td><div><pre>org.openqa.selenium.StaleElementReferenceException: stale element reference: stale element not found in the current frame
  (Session info: chrome=140.0.7339.128)
For documentation on this error, please visit: https://www.selenium.dev/documentation/webdriver/troubleshooting/errors#stale-element-reference-exception
Build info: version: &apos;4.19.1&apos;, revision: &apos;abe0ee07dc&apos;
System info: os.name: &apos;Windows 11&apos;, os.arch: &apos;amd64&apos;, os.version: &apos;10.0&apos;, java.version: &apos;17.0.10&apos;
Driver info: org.openqa.selenium.chrome.ChromeDriver
Command: [f47008a2e7d235073cf708695b72b382, clickElement {id=f.2C370BAD1CA3CFFFCAB4D986F38231E8.d.54756DD579E1F2E5913D6C852DA38DFA.e.95}]
Capabilities {acceptInsecureCerts: false, browserName: chrome, browserVersion: 140.0.7339.128, chrome: {chromedriverVersion: 140.0.7339.185 (eeea00e459e..., userDataDir: C:\Users\LOHITH~1.PAT\AppDa...}, fedcm:accounts: true, goog:chromeOptions: {debuggerAddress: localhost:56094}, networkConnectionEnabled: false, pageLoadStrategy: normal, platformName: windows, proxy: Proxy(), se:cdp: ws://localhost:56094/devtoo..., se:cdpVersion: 140.0.7339.128, setWindowRect: true, strictFileInteractability: false, timeouts: {implicit: 0, pageLoad: 300000, script: 30000}, unhandledPromptBehavior: dismiss and notify, webauthn:extension:credBlob: true, webauthn:extension:largeBlob: true, webauthn:extension:minPinLength: true, webauthn:extension:prf: true, webauthn:virtualAuthenticators: true}
Element: [[[[ChromeDriver: chrome on windows (f47008a2e7d235073cf708695b72b382)] -&gt; xpath: //select[@name=&quot;department_grp_id&quot;]]] -&gt; xpath: .//option[normalize-space(.) = &quot;Engineering&quot;]]
Session ID: f47008a2e7d235073cf708695b72b382
	at org.openqa.selenium.remote.ErrorCodec.decode(ErrorCodec.java:167)
	at org.openqa.selenium.remote.codec.w3c.W3CHttpResponseCodec.decode(W3CHttpResponseCodec.java:138)
	at org.openqa.selenium.remote.codec.w3c.W3CHttpResponseCodec.decode(W3CHttpResponseCodec.java:50)
	at org.openqa.selenium.remote.HttpCommandExecutor.execute(HttpCommandExecutor.java:190)
	at org.openqa.selenium.remote.service.DriverCommandExecutor.invokeExecute(DriverCommandExecutor.java:216)
	at org.openqa.selenium.remote.service.DriverCommandExecutor.execute(DriverCommandExecutor.java:174)
	at org.openqa.selenium.remote.RemoteWebDriver.execute(RemoteWebDriver.java:518)
	at org.openqa.selenium.remote.RemoteWebElement.execute(RemoteWebElement.java:223)
	at org.openqa.selenium.remote.RemoteWebElement.click(RemoteWebElement.java:76)
	at org.openqa.selenium.support.ui.Select.setSelected(Select.java:315)
	at org.openqa.selenium.support.ui.Select.selectByVisibleText(Select.java:119)
	at com.sgplus.erp.genericutility.WebDriverUtility.select(WebDriverUtility.java:107)
	at com.DowntimeAnalysisPage.DowntimeAnalysisDropdownValidationTest.DowntimeAnalysisDropdownValidationTest(DowntimeAnalysisDropdownValidationTest.java:75)
	at java.base/java.util.ArrayList.forEach(ArrayList.java:1511)
... Removed 32 stack frames</pre></div><a href='#' onClick='toggleBox("stack-trace236002428", this, "Click to show all stack frames", "Click to hide stack frames")'>Click to show all stack frames</a>
<div class='stack-trace' id='stack-trace236002428'><pre>org.openqa.selenium.StaleElementReferenceException: stale element reference: stale element not found in the current frame
  (Session info: chrome=140.0.7339.128)
For documentation on this error, please visit: https://www.selenium.dev/documentation/webdriver/troubleshooting/errors#stale-element-reference-exception
Build info: version: &apos;4.19.1&apos;, revision: &apos;abe0ee07dc&apos;
System info: os.name: &apos;Windows 11&apos;, os.arch: &apos;amd64&apos;, os.version: &apos;10.0&apos;, java.version: &apos;17.0.10&apos;
Driver info: org.openqa.selenium.chrome.ChromeDriver
Command: [f47008a2e7d235073cf708695b72b382, clickElement {id=f.2C370BAD1CA3CFFFCAB4D986F38231E8.d.54756DD579E1F2E5913D6C852DA38DFA.e.95}]
Capabilities {acceptInsecureCerts: false, browserName: chrome, browserVersion: 140.0.7339.128, chrome: {chromedriverVersion: 140.0.7339.185 (eeea00e459e..., userDataDir: C:\Users\LOHITH~1.PAT\AppDa...}, fedcm:accounts: true, goog:chromeOptions: {debuggerAddress: localhost:56094}, networkConnectionEnabled: false, pageLoadStrategy: normal, platformName: windows, proxy: Proxy(), se:cdp: ws://localhost:56094/devtoo..., se:cdpVersion: 140.0.7339.128, setWindowRect: true, strictFileInteractability: false, timeouts: {implicit: 0, pageLoad: 300000, script: 30000}, unhandledPromptBehavior: dismiss and notify, webauthn:extension:credBlob: true, webauthn:extension:largeBlob: true, webauthn:extension:minPinLength: true, webauthn:extension:prf: true, webauthn:virtualAuthenticators: true}
Element: [[[[ChromeDriver: chrome on windows (f47008a2e7d235073cf708695b72b382)] -&gt; xpath: //select[@name=&quot;department_grp_id&quot;]]] -&gt; xpath: .//option[normalize-space(.) = &quot;Engineering&quot;]]
Session ID: f47008a2e7d235073cf708695b72b382
	at java.base/jdk.internal.reflect.NativeConstructorAccessorImpl.newInstance0(Native Method)
	at java.base/jdk.internal.reflect.NativeConstructorAccessorImpl.newInstance(NativeConstructorAccessorImpl.java:77)
	at java.base/jdk.internal.reflect.DelegatingConstructorAccessorImpl.newInstance(DelegatingConstructorAccessorImpl.java:45)
	at java.base/java.lang.reflect.Constructor.newInstanceWithCaller(Constructor.java:499)
	at java.base/java.lang.reflect.Constructor.newInstance(Constructor.java:480)
	at org.openqa.selenium.remote.ErrorCodec.decode(ErrorCodec.java:167)
	at org.openqa.selenium.remote.codec.w3c.W3CHttpResponseCodec.decode(W3CHttpResponseCodec.java:138)
	at org.openqa.selenium.remote.codec.w3c.W3CHttpResponseCodec.decode(W3CHttpResponseCodec.java:50)
	at org.openqa.selenium.remote.HttpCommandExecutor.execute(HttpCommandExecutor.java:190)
	at org.openqa.selenium.remote.service.DriverCommandExecutor.invokeExecute(DriverCommandExecutor.java:216)
	at org.openqa.selenium.remote.service.DriverCommandExecutor.execute(DriverCommandExecutor.java:174)
	at org.openqa.selenium.remote.RemoteWebDriver.execute(RemoteWebDriver.java:518)
	at org.openqa.selenium.remote.RemoteWebElement.execute(RemoteWebElement.java:223)
	at org.openqa.selenium.remote.RemoteWebElement.click(RemoteWebElement.java:76)
	at org.openqa.selenium.support.ui.Select.setSelected(Select.java:315)
	at org.openqa.selenium.support.ui.Select.selectByVisibleText(Select.java:119)
	at com.sgplus.erp.genericutility.WebDriverUtility.select(WebDriverUtility.java:107)
	at com.DowntimeAnalysisPage.DowntimeAnalysisDropdownValidationTest.DowntimeAnalysisDropdownValidationTest(DowntimeAnalysisDropdownValidationTest.java:75)
	at java.base/jdk.internal.reflect.NativeMethodAccessorImpl.invoke0(Native Method)
	at java.base/jdk.internal.reflect.NativeMethodAccessorImpl.invoke(NativeMethodAccessorImpl.java:77)
	at java.base/jdk.internal.reflect.DelegatingMethodAccessorImpl.invoke(DelegatingMethodAccessorImpl.java:43)
	at java.base/java.lang.reflect.Method.invoke(Method.java:568)
	at org.testng.internal.MethodInvocationHelper.invokeMethod(MethodInvocationHelper.java:133)
	at org.testng.internal.TestInvoker.invokeMethod(TestInvoker.java:598)
	at org.testng.internal.TestInvoker.invokeTestMethod(TestInvoker.java:173)
	at org.testng.internal.MethodRunner.runInSequence(MethodRunner.java:46)
	at org.testng.internal.TestInvoker$MethodInvocationAgent.invoke(TestInvoker.java:824)
	at org.testng.internal.TestInvoker.invokeTestMethods(TestInvoker.java:146)
	at org.testng.internal.TestMethodWorker.invokeTestMethods(TestMethodWorker.java:146)
	at org.testng.internal.TestMethodWorker.run(TestMethodWorker.java:128)
	at java.base/java.util.ArrayList.forEach(ArrayList.java:1511)
	at org.testng.TestRunner.privateRun(TestRunner.java:794)
	at org.testng.TestRunner.run(TestRunner.java:596)
	at org.testng.SuiteRunner.runTest(SuiteRunner.java:377)
	at org.testng.SuiteRunner.runSequentially(SuiteRunner.java:371)
	at org.testng.SuiteRunner.privateRun(SuiteRunner.java:332)
	at org.testng.SuiteRunner.run(SuiteRunner.java:276)
	at org.testng.SuiteRunnerWorker.runSuite(SuiteRunnerWorker.java:53)
	at org.testng.SuiteRunnerWorker.run(SuiteRunnerWorker.java:96)
	at org.testng.TestNG.runSuitesSequentially(TestNG.java:1212)
	at org.testng.TestNG.runSuitesLocally(TestNG.java:1134)
	at org.testng.TestNG.runSuites(TestNG.java:1063)
	at org.testng.TestNG.run(TestNG.java:1031)
	at org.testng.remote.AbstractRemoteTestNG.run(AbstractRemoteTestNG.java:115)
	at org.testng.remote.RemoteTestNG.initAndRun(RemoteTestNG.java:293)
	at org.testng.remote.RemoteTestNG.main(RemoteTestNG.java:91)
</pre></div></td>
<td>3</td>
<td>com.DowntimeAnalysisPage.DowntimeAnalysisDropdownValidationTest@7d9d0818</td></tr>
</table><p>
<table width='100%' border='1' class='invocation-passed'>
<tr><td colspan='4' align='center'><b>PASSED TESTS</b></td></tr>
<tr><td><b>Test method</b></td>
<td width="30%"><b>Exception</b></td>
<td width="10%"><b>Time (seconds)</b></td>
<td><b>Instance</b></td>
</tr>
<tr>
<td title='com.ReasonLinkingPage.BulkReasonLinkingCancelTest.BulkReasonLinkingCancelTest()'><b>BulkReasonLinkingCancelTest</b><br>Test class: com.ReasonLinkingPage.BulkReasonLinkingCancelTest</td>
<td></td>
<td>35</td>
<td>com.ReasonLinkingPage.BulkReasonLinkingCancelTest@5386659f</td></tr>
<tr>
<td title='com.ReasonLinkingPage.ReasonLinkingLinkedExportTest.ReasonLinkingLinkedExportTest()'><b>ReasonLinkingLinkedExportTest</b><br>Test class: com.ReasonLinkingPage.ReasonLinkingLinkedExportTest</td>
<td></td>
<td>3</td>
<td>com.ReasonLinkingPage.ReasonLinkingLinkedExportTest@6e9a5ed8</td></tr>
<tr>
<td title='com.DowntimeModule.DowntimeDashboardDataValidationTest.DowntimeDashboardDataValidationTest()'><b>DowntimeDashboardDataValidationTest</b><br>Test class: com.DowntimeModule.DowntimeDashboardDataValidationTest</td>
<td></td>
<td>4</td>
<td>com.DowntimeModule.DowntimeDashboardDataValidationTest@6fa51cd4</td></tr>
<tr>
<td title='com.ReasonLinkingPage.ReasonLinkingCombinedExportTest.ReasonLinkingCombinedExportTest()'><b>ReasonLinkingCombinedExportTest</b><br>Test class: com.ReasonLinkingPage.ReasonLinkingCombinedExportTest</td>
<td></td>
<td>4</td>
<td>com.ReasonLinkingPage.ReasonLinkingCombinedExportTest@cecf639</td></tr>
<tr>
<td title='com.DowntimeEnhacementPage.DowntimeEnhacementTableExport.DowntimeEnhacementTableExport()'><b>DowntimeEnhacementTableExport</b><br>Test class: com.DowntimeEnhacementPage.DowntimeEnhacementTableExport</td>
<td></td>
<td>7</td>
<td>com.DowntimeEnhacementPage.DowntimeEnhacementTableExport@231f98ef</td></tr>
<tr>
<td title='com.ReasonLinkingPage.ReasonLinkingLinkedFilterTest.ReasonLinkingLinkedFilterTest()'><b>ReasonLinkingLinkedFilterTest</b><br>Test class: com.ReasonLinkingPage.ReasonLinkingLinkedFilterTest</td>
<td></td>
<td>2</td>
<td>com.ReasonLinkingPage.ReasonLinkingLinkedFilterTest@7e057f43</td></tr>
<tr>
<td title='com.DowntimeEnhacementPage.NavigateToDowntimeEnhancementPageTest.NavigateToDowntimeEnhancementPage()'><b>NavigateToDowntimeEnhancementPage</b><br>Test class: com.DowntimeEnhacementPage.NavigateToDowntimeEnhancementPageTest</td>
<td></td>
<td>8</td>
<td>com.DowntimeEnhacementPage.NavigateToDowntimeEnhancementPageTest@183ec003</td></tr>
<tr>
<td title='com.ReasonLinkingPage.ReasonLinkingUnlinkedFilterTest.ReasonLinkingUnlinkedFilterTest()'><b>ReasonLinkingUnlinkedFilterTest</b><br>Test class: com.ReasonLinkingPage.ReasonLinkingUnlinkedFilterTest</td>
<td></td>
<td>2</td>
<td>com.ReasonLinkingPage.ReasonLinkingUnlinkedFilterTest@31ea9581</td></tr>
<tr>
<td title='com.ReasonLinkingPage.ReasonLinkingFilterDataValidationTest.ReasonLinkingFilterDataValidationTest()'><b>ReasonLinkingFilterDataValidationTest</b><br>Test class: com.ReasonLinkingPage.ReasonLinkingFilterDataValidationTest</td>
<td></td>
<td>2</td>
<td>com.ReasonLinkingPage.ReasonLinkingFilterDataValidationTest@5b247367</td></tr>
<tr>
<td title='com.DowntimeModule.DowntimeBestMachineTest.DowntimeBestMachineTest()'><b>DowntimeBestMachineTest</b><br>Test class: com.DowntimeModule.DowntimeBestMachineTest</td>
<td></td>
<td>4</td>
<td>com.DowntimeModule.DowntimeBestMachineTest@33bc72d1</td></tr>
<tr>
<td title='com.DowntimeEnhacementPage.DowntimeEnhacemntTableDataTest.DowntimeEnhacemntTableDataTest()'><b>DowntimeEnhacemntTableDataTest</b><br>Test class: com.DowntimeEnhacementPage.DowntimeEnhacemntTableDataTest</td>
<td></td>
<td>7</td>
<td>com.DowntimeEnhacementPage.DowntimeEnhacemntTableDataTest@7c137fd5</td></tr>
<tr>
<td title='com.ReasonLinkingPage.ReasonLinkingNavigationTest.ReasonLinkingNavigationTest()'><b>ReasonLinkingNavigationTest</b><br>Test class: com.ReasonLinkingPage.ReasonLinkingNavigationTest</td>
<td></td>
<td>2</td>
<td>com.ReasonLinkingPage.ReasonLinkingNavigationTest@6c284af</td></tr>
<tr>
<td title='com.ReasonLinkingPage.ReasonLinkingSingleLinkTest.ReasonLinkingFunctionalityTest()'><b>ReasonLinkingFunctionalityTest</b><br>Test class: com.ReasonLinkingPage.ReasonLinkingSingleLinkTest</td>
<td></td>
<td>4</td>
<td>com.ReasonLinkingPage.ReasonLinkingSingleLinkTest@5890e879</td></tr>
<tr>
<td title='com.DowntimeModule.DowntimeWorstMachineTest.DowntimeWorstMachineTest()'><b>DowntimeWorstMachineTest</b><br>Test class: com.DowntimeModule.DowntimeWorstMachineTest</td>
<td></td>
<td>4</td>
<td>com.DowntimeModule.DowntimeWorstMachineTest@710c2b53</td></tr>
<tr>
<td title='com.ReasonLinkingPage.BulkReasonLinkingFunctionalityTest.BulkReasonLinkingFunctionalityTest()'><b>BulkReasonLinkingFunctionalityTest</b><br>Test class: com.ReasonLinkingPage.BulkReasonLinkingFunctionalityTest</td>
<td></td>
<td>4</td>
<td>com.ReasonLinkingPage.BulkReasonLinkingFunctionalityTest@14028087</td></tr>
<tr>
<td title='com.DowntimeModule.DowntimeDashboardNavigationTest.DowntimeDashboardNavigationTest()'><b>DowntimeDashboardNavigationTest</b><br>Test class: com.DowntimeModule.DowntimeDashboardNavigationTest</td>
<td></td>
<td>3</td>
<td>com.DowntimeModule.DowntimeDashboardNavigationTest@2767e23c</td></tr>
<tr>
<td title='com.DowntimeAnalysisPage.MonthWiseBarChartNavigationTest.MonthWiseBarChartNavigationTest()'><b>MonthWiseBarChartNavigationTest</b><br>Test class: com.DowntimeAnalysisPage.MonthWiseBarChartNavigationTest</td>
<td></td>
<td>6</td>
<td>com.DowntimeAnalysisPage.MonthWiseBarChartNavigationTest@451001e5</td></tr>
<tr>
<td title='com.ReasonLinkingPage.ReasonLinkingCombinedTest.ReasonLinkingCombinedTest()'><b>ReasonLinkingCombinedTest</b><br>Test class: com.ReasonLinkingPage.ReasonLinkingCombinedTest</td>
<td></td>
<td>2</td>
<td>com.ReasonLinkingPage.ReasonLinkingCombinedTest@7ce69770</td></tr>
<tr>
<td title='com.ReasonLinkingPage.ReasonLinkingCycleTimeSourceFilterTest.ReasonLinkingCycleTimeSourceFilterTest()'><b>ReasonLinkingCycleTimeSourceFilterTest</b><br>Test class: com.ReasonLinkingPage.ReasonLinkingCycleTimeSourceFilterTest</td>
<td></td>
<td>4</td>
<td>com.ReasonLinkingPage.ReasonLinkingCycleTimeSourceFilterTest@1750fbeb</td></tr>
<tr>
<td title='com.DowntimeAnalysisPage.DowntimeAnalysisNavigationTest.DowntimeAnalysisNavigationTest()'><b>DowntimeAnalysisNavigationTest</b><br>Test class: com.DowntimeAnalysisPage.DowntimeAnalysisNavigationTest</td>
<td></td>
<td>3</td>
<td>com.DowntimeAnalysisPage.DowntimeAnalysisNavigationTest@221a3fa4</td></tr>
<tr>
<td title='com.DowntimeAnalysisPage.YearlyToMonthlyChartNavigationTest.YearlyToMonthlyChartNavigationTest()'><b>YearlyToMonthlyChartNavigationTest</b><br>Test class: com.DowntimeAnalysisPage.YearlyToMonthlyChartNavigationTest</td>
<td></td>
<td>5</td>
<td>com.DowntimeAnalysisPage.YearlyToMonthlyChartNavigationTest@2b40ff9c</td></tr>
<tr>
<td title='com.ReasonLinkingPage.ReasonLinkingUnlinkedExportTest.ReasonLinkingUnlinkedExportTest()'><b>ReasonLinkingUnlinkedExportTest</b><br>Test class: com.ReasonLinkingPage.ReasonLinkingUnlinkedExportTest</td>
<td></td>
<td>6</td>
<td>com.ReasonLinkingPage.ReasonLinkingUnlinkedExportTest@6440112d</td></tr>
<tr>
<td title='com.ReasonLinkingPage.ReasonLinkingHandlingSourceFilterTest.ReasonLinkingHandlingSourceFilterTest()'><b>ReasonLinkingHandlingSourceFilterTest</b><br>Test class: com.ReasonLinkingPage.ReasonLinkingHandlingSourceFilterTest</td>
<td></td>
<td>3</td>
<td>com.ReasonLinkingPage.ReasonLinkingHandlingSourceFilterTest@268f106e</td></tr>
</table><p>
</body>
</html>